0.001465 output_n100_m1238/apr290_100_1238.graph
0.001335 output_n100_m1238/apr2910_100_1238.graph
0.001517 output_n100_m1238/apr2911_100_1238.graph
0.001407 output_n100_m1238/apr2912_100_1238.graph
0.001547 output_n100_m1238/apr2913_100_1238.graph
0.001654 output_n100_m1238/apr2914_100_1238.graph
0.001606 output_n100_m1238/apr2915_100_1238.graph
0.001156 output_n100_m1238/apr2916_100_1238.graph
0.001085 output_n100_m1238/apr2917_100_1238.graph
0.001113 output_n100_m1238/apr2918_100_1238.graph
0.001084 output_n100_m1238/apr2919_100_1238.graph
0.001104 output_n100_m1238/apr291_100_1238.graph
0.001106 output_n100_m1238/apr2920_100_1238.graph
0.001142 output_n100_m1238/apr2921_100_1238.graph
0.001103 output_n100_m1238/apr2922_100_1238.graph
0.001192 output_n100_m1238/apr2923_100_1238.graph
0.001504 output_n100_m1238/apr2924_100_1238.graph
0.001569 output_n100_m1238/apr2925_100_1238.graph
0.001596 output_n100_m1238/apr2926_100_1238.graph
0.001204 output_n100_m1238/apr2927_100_1238.graph
0.001535 output_n100_m1238/apr2928_100_1238.graph
0.001649 output_n100_m1238/apr2929_100_1238.graph
0.001612 output_n100_m1238/apr292_100_1238.graph
0.001145 output_n100_m1238/apr2930_100_1238.graph
0.001372 output_n100_m1238/apr2931_100_1238.graph
0.001549 output_n100_m1238/apr2932_100_1238.graph
0.001514 output_n100_m1238/apr2933_100_1238.graph
0.001625 output_n100_m1238/apr2934_100_1238.graph
0.00159 output_n100_m1238/apr2935_100_1238.graph
0.001206 output_n100_m1238/apr2936_100_1238.graph
0.00142 output_n100_m1238/apr2937_100_1238.graph
0.001616 output_n100_m1238/apr2938_100_1238.graph
0.00166 output_n100_m1238/apr2939_100_1238.graph
0.001685 output_n100_m1238/apr293_100_1238.graph
0.001648 output_n100_m1238/apr2940_100_1238.graph
0.001806 output_n100_m1238/apr2941_100_1238.graph
0.001739 output_n100_m1238/apr2942_100_1238.graph
0.001704 output_n100_m1238/apr2943_100_1238.graph
0.001754 output_n100_m1238/apr2944_100_1238.graph
0.001724 output_n100_m1238/apr2945_100_1238.graph
0.001681 output_n100_m1238/apr2946_100_1238.graph
0.001754 output_n100_m1238/apr2947_100_1238.graph
0.00164 output_n100_m1238/apr2948_100_1238.graph
0.001554 output_n100_m1238/apr2949_100_1238.graph
0.001287 output_n100_m1238/apr294_100_1238.graph
0.00144 output_n100_m1238/apr2950_100_1238.graph
0.001536 output_n100_m1238/apr2951_100_1238.graph
0.001569 output_n100_m1238/apr2952_100_1238.graph
0.001203 output_n100_m1238/apr2953_100_1238.graph
0.001555 output_n100_m1238/apr2954_100_1238.graph
0.001543 output_n100_m1238/apr2955_100_1238.graph
0.001553 output_n100_m1238/apr2956_100_1238.graph
0.00132 output_n100_m1238/apr2957_100_1238.graph
0.001541 output_n100_m1238/apr2958_100_1238.graph
0.001348 output_n100_m1238/apr2959_100_1238.graph
0.001177 output_n100_m1238/apr295_100_1238.graph
0.001459 output_n100_m1238/apr2960_100_1238.graph
0.001809 output_n100_m1238/apr2961_100_1238.graph
0.001503 output_n100_m1238/apr2962_100_1238.graph
0.00114 output_n100_m1238/apr2963_100_1238.graph
0.001154 output_n100_m1238/apr2964_100_1238.graph
0.001098 output_n100_m1238/apr2965_100_1238.graph
0.001097 output_n100_m1238/apr2966_100_1238.graph
0.001095 output_n100_m1238/apr2967_100_1238.graph
0.001091 output_n100_m1238/apr2968_100_1238.graph
0.00107 output_n100_m1238/apr2969_100_1238.graph
0.001085 output_n100_m1238/apr296_100_1238.graph
0.001109 output_n100_m1238/apr2970_100_1238.graph
0.00108 output_n100_m1238/apr2971_100_1238.graph
0.001103 output_n100_m1238/apr2972_100_1238.graph
0.001134 output_n100_m1238/apr2973_100_1238.graph
0.001216 output_n100_m1238/apr2974_100_1238.graph
0.001077 output_n100_m1238/apr2975_100_1238.graph
0.00109 output_n100_m1238/apr2976_100_1238.graph
0.001096 output_n100_m1238/apr2977_100_1238.graph
0.001179 output_n100_m1238/apr2978_100_1238.graph
0.001108 output_n100_m1238/apr2979_100_1238.graph
0.001108 output_n100_m1238/apr297_100_1238.graph
0.001079 output_n100_m1238/apr2980_100_1238.graph
0.001097 output_n100_m1238/apr2981_100_1238.graph
0.001069 output_n100_m1238/apr2982_100_1238.graph
0.00106 output_n100_m1238/apr2983_100_1238.graph
0.001062 output_n100_m1238/apr2984_100_1238.graph
0.001063 output_n100_m1238/apr2985_100_1238.graph
0.001053 output_n100_m1238/apr2986_100_1238.graph
0.00117 output_n100_m1238/apr2987_100_1238.graph
0.001265 output_n100_m1238/apr2988_100_1238.graph
0.001184 output_n100_m1238/apr2989_100_1238.graph
0.001526 output_n100_m1238/apr298_100_1238.graph
0.001663 output_n100_m1238/apr2990_100_1238.graph
0.001569 output_n100_m1238/apr2991_100_1238.graph
0.001355 output_n100_m1238/apr2992_100_1238.graph
0.00119 output_n100_m1238/apr2993_100_1238.graph
0.001291 output_n100_m1238/apr2994_100_1238.graph
0.001276 output_n100_m1238/apr2995_100_1238.graph
0.001253 output_n100_m1238/apr2996_100_1238.graph
0.001522 output_n100_m1238/apr2997_100_1238.graph
0.001341 output_n100_m1238/apr2998_100_1238.graph
0.001154 output_n100_m1238/apr2999_100_1238.graph
0.001135 output_n100_m1238/apr299_100_1238.graph
